app/build/intermediates/manifest_merge_blame_file/release/manifest-merger-blame-release-report.txt
1<?xml version="1.0" encoding="utf-8"?>
2<manifest xmlns:android="http://schemas.android.com/apk/res/android"
3    package="com.bookmark.locker"
4    android:versionCode="1"
5    android:versionName="1.0" >
6
7    <uses-sdk
8        android:minSdkVersion="26"
9        android:targetSdkVersion="34" />
10
11    <uses-permission android:name="android.permission.INTERNET" />
11-->src/main/AndroidManifest.xml:5:5-67
11-->src/main/AndroidManifest.xml:5:22-64
12    <uses-permission android:name="android.permission.ACCESS_NETWORK_STATE" />
12-->src/main/AndroidManifest.xml:6:5-79
12-->src/main/AndroidManifest.xml:6:22-76
13    <uses-permission android:name="android.permission.READ_EXTERNAL_STORAGE" />
13-->src/main/AndroidManifest.xml:7:5-80
13-->src/main/AndroidManifest.xml:7:22-77
14    <uses-permission
14-->src/main/AndroidManifest.xml:8:5-9:38
15        android:name="android.permission.WRITE_EXTERNAL_STORAGE"
15-->src/main/AndroidManifest.xml:8:22-78
16        android:maxSdkVersion="28" />
16-->src/main/AndroidManifest.xml:9:9-35
17    <!-- For accessing files via Storage Access Framework -->
18    <uses-permission
18-->src/main/AndroidManifest.xml:11:5-12:38
19        android:name="android.permission.MANAGE_EXTERNAL_STORAGE"
19-->src/main/AndroidManifest.xml:11:22-79
20        android:maxSdkVersion="30" />
20-->src/main/AndroidManifest.xml:12:9-35
21    <!-- For bookmark reminders and notifications -->
22    <uses-permission android:name="android.permission.SCHEDULE_EXACT_ALARM" />
22-->src/main/AndroidManifest.xml:14:5-79
22-->src/main/AndroidManifest.xml:14:22-76
23    <uses-permission android:name="android.permission.WAKE_LOCK" />
23-->src/main/AndroidManifest.xml:15:5-68
23-->src/main/AndroidManifest.xml:15:22-65
24    <uses-permission android:name="android.permission.RECEIVE_BOOT_COMPLETED" />
24-->src/main/AndroidManifest.xml:16:5-81
24-->src/main/AndroidManifest.xml:16:22-78
25    <uses-permission android:name="android.permission.POST_NOTIFICATIONS" />
25-->src/main/AndroidManifest.xml:17:5-77
25-->src/main/AndroidManifest.xml:17:22-74
26
27    <!-- Required by older versions of Google Play services to create IID tokens -->
28    <uses-permission android:name="com.google.android.c2dm.permission.RECEIVE" />
28-->[com.google.firebase:firebase-messaging:23.4.0] AndroidManifest.xml:26:5-82
28-->[com.google.firebase:firebase-messaging:23.4.0] AndroidManifest.xml:26:22-79
29    <uses-permission android:name="android.permission.FOREGROUND_SERVICE" />
29-->[androidx.work:work-runtime:2.9.0] AndroidManifest.xml:26:5-77
29-->[androidx.work:work-runtime:2.9.0] AndroidManifest.xml:26:22-74
30
31    <permission
31-->[androidx.core:core:1.12.0] AndroidManifest.xml:22:5-24:47
32        android:name="com.bookmark.locker.DYNAMIC_RECEIVER_NOT_EXPORTED_PERMISSION"
32-->[androidx.core:core:1.12.0] AndroidManifest.xml:23:9-81
33        android:protectionLevel="signature" />
33-->[androidx.core:core:1.12.0] AndroidManifest.xml:24:9-44
34
35    <uses-permission android:name="com.bookmark.locker.DYNAMIC_RECEIVER_NOT_EXPORTED_PERMISSION" />
35-->[androidx.core:core:1.12.0] AndroidManifest.xml:26:5-97
35-->[androidx.core:core:1.12.0] AndroidManifest.xml:26:22-94
36
37    <application
37-->src/main/AndroidManifest.xml:19:5-81:19
38        android:name="com.bookmark.locker.BookmarkApplication"
38-->src/main/AndroidManifest.xml:20:9-44
39        android:allowBackup="true"
39-->src/main/AndroidManifest.xml:21:9-35
40        android:appComponentFactory="androidx.core.app.CoreComponentFactory"
40-->[androidx.core:core:1.12.0] AndroidManifest.xml:28:18-86
41        android:dataExtractionRules="@xml/data_extraction_rules"
41-->src/main/AndroidManifest.xml:22:9-65
42        android:extractNativeLibs="false"
43        android:fullBackupContent="@xml/backup_rules"
43-->src/main/AndroidManifest.xml:23:9-54
44        android:icon="@mipmap/ic_launcher"
44-->src/main/AndroidManifest.xml:24:9-43
45        android:label="@string/app_name"
45-->src/main/AndroidManifest.xml:25:9-41
46        android:roundIcon="@mipmap/ic_launcher_round"
46-->src/main/AndroidManifest.xml:26:9-54
47        android:supportsRtl="true"
47-->src/main/AndroidManifest.xml:27:9-35
48        android:theme="@style/Theme.PixelBookmarks" >
48-->src/main/AndroidManifest.xml:28:9-52
49        <activity
49-->src/main/AndroidManifest.xml:31:9-54:20
50            android:name="com.bookmark.locker.MainActivity"
50-->src/main/AndroidManifest.xml:32:13-41
51            android:exported="true"
51-->src/main/AndroidManifest.xml:33:13-36
52            android:launchMode="singleTop"
52-->src/main/AndroidManifest.xml:34:13-43
53            android:theme="@style/Theme.PixelBookmarks" >
53-->src/main/AndroidManifest.xml:35:13-56
54            <intent-filter>
54-->src/main/AndroidManifest.xml:36:13-39:29
55                <action android:name="android.intent.action.MAIN" />
55-->src/main/AndroidManifest.xml:37:17-69
55-->src/main/AndroidManifest.xml:37:25-66
56
57                <category android:name="android.intent.category.LAUNCHER" />
57-->src/main/AndroidManifest.xml:38:17-77
57-->src/main/AndroidManifest.xml:38:27-74
58            </intent-filter>
59            <intent-filter android:autoVerify="true" >
59-->src/main/AndroidManifest.xml:40:13-46:29
59-->src/main/AndroidManifest.xml:40:28-53
60                <action android:name="android.intent.action.VIEW" />
60-->src/main/AndroidManifest.xml:41:17-69
60-->src/main/AndroidManifest.xml:41:25-66
61
62                <category android:name="android.intent.category.DEFAULT" />
62-->src/main/AndroidManifest.xml:42:17-76
62-->src/main/AndroidManifest.xml:42:27-73
63                <category android:name="android.intent.category.BROWSABLE" />
63-->src/main/AndroidManifest.xml:43:17-78
63-->src/main/AndroidManifest.xml:43:27-75
64
65                <data android:scheme="http" />
65-->src/main/AndroidManifest.xml:44:17-47
65-->src/main/AndroidManifest.xml:44:23-44
66                <data android:scheme="https" />
66-->src/main/AndroidManifest.xml:44:17-47
66-->src/main/AndroidManifest.xml:44:23-44
67            </intent-filter>
68
69            <!-- Handle sharing of URLs to app -->
70            <intent-filter>
70-->src/main/AndroidManifest.xml:49:13-53:29
71                <action android:name="android.intent.action.SEND" />
71-->src/main/AndroidManifest.xml:50:17-69
71-->src/main/AndroidManifest.xml:50:25-66
72
73                <category android:name="android.intent.category.DEFAULT" />
73-->src/main/AndroidManifest.xml:42:17-76
73-->src/main/AndroidManifest.xml:42:27-73
74
75                <data android:mimeType="text/plain" />
75-->src/main/AndroidManifest.xml:44:17-47
75-->src/main/AndroidManifest.xml:52:23-52
76            </intent-filter>
77        </activity>
78        <activity
78-->src/main/AndroidManifest.xml:56:9-59:59
79            android:name="com.bookmark.locker.ui.WebViewActivity"
79-->src/main/AndroidManifest.xml:57:13-47
80            android:exported="false"
80-->src/main/AndroidManifest.xml:58:13-37
81            android:theme="@style/Theme.PixelBookmarks" />
81-->src/main/AndroidManifest.xml:59:13-56
82
83        <receiver
83-->src/main/AndroidManifest.xml:61:9-70:20
84            android:name="com.bookmark.locker.receiver.BookmarkWidgetProvider"
84-->src/main/AndroidManifest.xml:62:13-60
85            android:exported="false" >
85-->src/main/AndroidManifest.xml:63:13-37
86            <intent-filter>
86-->src/main/AndroidManifest.xml:64:13-66:29
87                <action android:name="android.appwidget.action.APPWIDGET_UPDATE" />
87-->src/main/AndroidManifest.xml:65:17-84
87-->src/main/AndroidManifest.xml:65:25-81
88            </intent-filter>
89
90            <meta-data
90-->src/main/AndroidManifest.xml:67:13-69:64
91                android:name="android.appwidget.provider"
91-->src/main/AndroidManifest.xml:68:17-58
92                android:resource="@xml/bookmark_widget_info" />
92-->src/main/AndroidManifest.xml:69:17-61
93        </receiver>
94
95        <!-- Reminder notification receivers -->
96        <receiver
96-->src/main/AndroidManifest.xml:73:9-75:40
97            android:name="com.bookmark.locker.reminder.ReminderReceiver"
97-->src/main/AndroidManifest.xml:74:13-54
98            android:exported="false" />
98-->src/main/AndroidManifest.xml:75:13-37
99        <receiver
99-->src/main/AndroidManifest.xml:77:9-79:40
100            android:name="com.bookmark.locker.notification.NotificationActionReceiver"
100-->src/main/AndroidManifest.xml:78:13-68
101            android:exported="false" />
101-->src/main/AndroidManifest.xml:79:13-37
102
103        <activity
103-->[com.google.android.gms:play-services-auth:20.7.0] AndroidManifest.xml:23:9-27:75
104            android:name="com.google.android.gms.auth.api.signin.internal.SignInHubActivity"
104-->[com.google.android.gms:play-services-auth:20.7.0] AndroidManifest.xml:24:13-93
105            android:excludeFromRecents="true"
105-->[com.google.android.gms:play-services-auth:20.7.0] AndroidManifest.xml:25:13-46
106            android:exported="false"
106-->[com.google.android.gms:play-services-auth:20.7.0] AndroidManifest.xml:26:13-37
107            android:theme="@android:style/Theme.Translucent.NoTitleBar" />
107-->[com.google.android.gms:play-services-auth:20.7.0] AndroidManifest.xml:27:13-72
108        <!--
109            Service handling Google Sign-In user revocation. For apps that do not integrate with
110            Google Sign-In, this service will never be started.
111        -->
112        <service
112-->[com.google.android.gms:play-services-auth:20.7.0] AndroidManifest.xml:33:9-37:51
113            android:name="com.google.android.gms.auth.api.signin.RevocationBoundService"
113-->[com.google.android.gms:play-services-auth:20.7.0] AndroidManifest.xml:34:13-89
114            android:exported="true"
114-->[com.google.android.gms:play-services-auth:20.7.0] AndroidManifest.xml:35:13-36
115            android:permission="com.google.android.gms.auth.api.signin.permission.REVOCATION_NOTIFICATION"
115-->[com.google.android.gms:play-services-auth:20.7.0] AndroidManifest.xml:36:13-107
116            android:visibleToInstantApps="true" />
116-->[com.google.android.gms:play-services-auth:20.7.0] AndroidManifest.xml:37:13-48
117        <service
117-->[com.google.firebase:firebase-auth-ktx:22.3.0] AndroidManifest.xml:8:9-14:19
118            android:name="com.google.firebase.components.ComponentDiscoveryService"
118-->[com.google.firebase:firebase-auth-ktx:22.3.0] AndroidManifest.xml:9:13-84
119            android:directBootAware="true"
119-->[com.google.firebase:firebase-common:20.4.2] AndroidManifest.xml:32:13-43
120            android:exported="false" >
120-->[com.google.firebase:firebase-auth-ktx:22.3.0] AndroidManifest.xml:10:13-37
121            <meta-data
121-->[com.google.firebase:firebase-auth-ktx:22.3.0] AndroidManifest.xml:11:13-13:85
122                android:name="com.google.firebase.components:com.google.firebase.auth.ktx.FirebaseAuthLegacyRegistrar"
122-->[com.google.firebase:firebase-auth-ktx:22.3.0] AndroidManifest.xml:12:17-119
123                android:value="com.google.firebase.components.ComponentRegistrar" />
123-->[com.google.firebase:firebase-auth-ktx:22.3.0] AndroidManifest.xml:13:17-82
124            <meta-data
124-->[com.google.firebase:firebase-auth:22.3.0] AndroidManifest.xml:69:13-71:85
125                android:name="com.google.firebase.components:com.google.firebase.auth.FirebaseAuthRegistrar"
125-->[com.google.firebase:firebase-auth:22.3.0] AndroidManifest.xml:70:17-109
126                android:value="com.google.firebase.components.ComponentRegistrar" />
126-->[com.google.firebase:firebase-auth:22.3.0] AndroidManifest.xml:71:17-82
127            <meta-data
127-->[com.google.firebase:firebase-storage-ktx:20.3.0] AndroidManifest.xml:12:13-14:85
128                android:name="com.google.firebase.components:com.google.firebase.storage.ktx.FirebaseStorageLegacyRegistrar"
128-->[com.google.firebase:firebase-storage-ktx:20.3.0] AndroidManifest.xml:13:17-125
129                android:value="com.google.firebase.components.ComponentRegistrar" />
129-->[com.google.firebase:firebase-storage-ktx:20.3.0] AndroidManifest.xml:14:17-82
130            <meta-data
130-->[com.google.firebase:firebase-storage:20.3.0] AndroidManifest.xml:30:13-32:85
131                android:name="com.google.firebase.components:com.google.firebase.storage.FirebaseStorageKtxRegistrar"
131-->[com.google.firebase:firebase-storage:20.3.0] AndroidManifest.xml:31:17-118
132                android:value="com.google.firebase.components.ComponentRegistrar" />
132-->[com.google.firebase:firebase-storage:20.3.0] AndroidManifest.xml:32:17-82
133            <meta-data
133-->[com.google.firebase:firebase-storage:20.3.0] AndroidManifest.xml:33:13-35:85
134                android:name="com.google.firebase.components:com.google.firebase.storage.StorageRegistrar"
134-->[com.google.firebase:firebase-storage:20.3.0] AndroidManifest.xml:34:17-107
135                android:value="com.google.firebase.components.ComponentRegistrar" />
135-->[com.google.firebase:firebase-storage:20.3.0] AndroidManifest.xml:35:17-82
136            <meta-data
136-->[com.google.firebase:firebase-firestore-ktx:24.10.0] AndroidManifest.xml:12:13-14:85
137                android:name="com.google.firebase.components:com.google.firebase.firestore.ktx.FirebaseFirestoreLegacyRegistrar"
137-->[com.google.firebase:firebase-firestore-ktx:24.10.0] AndroidManifest.xml:13:17-129
138                android:value="com.google.firebase.components.ComponentRegistrar" />
138-->[com.google.firebase:firebase-firestore-ktx:24.10.0] AndroidManifest.xml:14:17-82
139            <meta-data
139-->[com.google.firebase:firebase-firestore:24.10.0] AndroidManifest.xml:17:13-19:85
140                android:name="com.google.firebase.components:com.google.firebase.firestore.FirebaseFirestoreKtxRegistrar"
140-->[com.google.firebase:firebase-firestore:24.10.0] AndroidManifest.xml:18:17-122
141                android:value="com.google.firebase.components.ComponentRegistrar" />
141-->[com.google.firebase:firebase-firestore:24.10.0] AndroidManifest.xml:19:17-82
142            <meta-data
142-->[com.google.firebase:firebase-firestore:24.10.0] AndroidManifest.xml:20:13-22:85
143                android:name="com.google.firebase.components:com.google.firebase.firestore.FirestoreRegistrar"
143-->[com.google.firebase:firebase-firestore:24.10.0] AndroidManifest.xml:21:17-111
144                android:value="com.google.firebase.components.ComponentRegistrar" />
144-->[com.google.firebase:firebase-firestore:24.10.0] AndroidManifest.xml:22:17-82
145            <meta-data
145-->[com.google.firebase:firebase-messaging-ktx:23.4.0] AndroidManifest.xml:26:13-28:85
146                android:name="com.google.firebase.components:com.google.firebase.messaging.ktx.FirebaseMessagingLegacyRegistrar"
146-->[com.google.firebase:firebase-messaging-ktx:23.4.0] AndroidManifest.xml:27:17-129
147                android:value="com.google.firebase.components.ComponentRegistrar" />
147-->[com.google.firebase:firebase-messaging-ktx:23.4.0] AndroidManifest.xml:28:17-82
148            <meta-data
148-->[com.google.firebase:firebase-messaging:23.4.0] AndroidManifest.xml:57:13-59:85
149                android:name="com.google.firebase.components:com.google.firebase.messaging.FirebaseMessagingKtxRegistrar"
149-->[com.google.firebase:firebase-messaging:23.4.0] AndroidManifest.xml:58:17-122
150                android:value="com.google.firebase.components.ComponentRegistrar" />
150-->[com.google.firebase:firebase-messaging:23.4.0] AndroidManifest.xml:59:17-82
151            <meta-data
151-->[com.google.firebase:firebase-messaging:23.4.0] AndroidManifest.xml:60:13-62:85
152                android:name="com.google.firebase.components:com.google.firebase.messaging.FirebaseMessagingRegistrar"
152-->[com.google.firebase:firebase-messaging:23.4.0] AndroidManifest.xml:61:17-119
153                android:value="com.google.firebase.components.ComponentRegistrar" />
153-->[com.google.firebase:firebase-messaging:23.4.0] AndroidManifest.xml:62:17-82
154            <meta-data
154-->[com.google.firebase:firebase-appcheck:17.1.1] AndroidManifest.xml:25:13-27:85
155                android:name="com.google.firebase.components:com.google.firebase.appcheck.FirebaseAppCheckKtxRegistrar"
155-->[com.google.firebase:firebase-appcheck:17.1.1] AndroidManifest.xml:26:17-120
156                android:value="com.google.firebase.components.ComponentRegistrar" />
156-->[com.google.firebase:firebase-appcheck:17.1.1] AndroidManifest.xml:27:17-82
157            <meta-data
157-->[com.google.firebase:firebase-appcheck:17.1.1] AndroidManifest.xml:28:13-30:85
158                android:name="com.google.firebase.components:com.google.firebase.appcheck.FirebaseAppCheckRegistrar"
158-->[com.google.firebase:firebase-appcheck:17.1.1] AndroidManifest.xml:29:17-117
159                android:value="com.google.firebase.components.ComponentRegistrar" />
159-->[com.google.firebase:firebase-appcheck:17.1.1] AndroidManifest.xml:30:17-82
160            <meta-data
160-->[com.google.firebase:firebase-installations:17.2.0] AndroidManifest.xml:15:13-17:85
161                android:name="com.google.firebase.components:com.google.firebase.installations.FirebaseInstallationsKtxRegistrar"
161-->[com.google.firebase:firebase-installations:17.2.0] AndroidManifest.xml:16:17-130
162                android:value="com.google.firebase.components.ComponentRegistrar" />
162-->[com.google.firebase:firebase-installations:17.2.0] AndroidManifest.xml:17:17-82
163            <meta-data
163-->[com.google.firebase:firebase-installations:17.2.0] AndroidManifest.xml:18:13-20:85
164                android:name="com.google.firebase.components:com.google.firebase.installations.FirebaseInstallationsRegistrar"
164-->[com.google.firebase:firebase-installations:17.2.0] AndroidManifest.xml:19:17-127
165                android:value="com.google.firebase.components.ComponentRegistrar" />
165-->[com.google.firebase:firebase-installations:17.2.0] AndroidManifest.xml:20:17-82
166            <meta-data
166-->[com.google.firebase:firebase-common-ktx:20.4.2] AndroidManifest.xml:12:13-14:85
167                android:name="com.google.firebase.components:com.google.firebase.ktx.FirebaseCommonLegacyRegistrar"
167-->[com.google.firebase:firebase-common-ktx:20.4.2] AndroidManifest.xml:13:17-116
168                android:value="com.google.firebase.components.ComponentRegistrar" />
168-->[com.google.firebase:firebase-common-ktx:20.4.2] AndroidManifest.xml:14:17-82
169            <meta-data
169-->[com.google.firebase:firebase-common:20.4.2] AndroidManifest.xml:35:13-37:85
170                android:name="com.google.firebase.components:com.google.firebase.FirebaseCommonKtxRegistrar"
170-->[com.google.firebase:firebase-common:20.4.2] AndroidManifest.xml:36:17-109
171                android:value="com.google.firebase.components.ComponentRegistrar" />
171-->[com.google.firebase:firebase-common:20.4.2] AndroidManifest.xml:37:17-82
172            <meta-data
172-->[com.google.firebase:firebase-datatransport:18.1.7] AndroidManifest.xml:27:13-29:85
173                android:name="com.google.firebase.components:com.google.firebase.datatransport.TransportRegistrar"
173-->[com.google.firebase:firebase-datatransport:18.1.7] AndroidManifest.xml:28:17-115
174                android:value="com.google.firebase.components.ComponentRegistrar" />
174-->[com.google.firebase:firebase-datatransport:18.1.7] AndroidManifest.xml:29:17-82
175        </service>
176
177        <activity
177-->[com.google.firebase:firebase-auth:22.3.0] AndroidManifest.xml:29:9-46:20
178            android:name="com.google.firebase.auth.internal.GenericIdpActivity"
178-->[com.google.firebase:firebase-auth:22.3.0] AndroidManifest.xml:30:13-80
179            android:excludeFromRecents="true"
179-->[com.google.firebase:firebase-auth:22.3.0] AndroidManifest.xml:31:13-46
180            android:exported="true"
180-->[com.google.firebase:firebase-auth:22.3.0] AndroidManifest.xml:32:13-36
181            android:launchMode="singleTask"
181-->[com.google.firebase:firebase-auth:22.3.0] AndroidManifest.xml:33:13-44
182            android:theme="@android:style/Theme.Translucent.NoTitleBar" >
182-->[com.google.firebase:firebase-auth:22.3.0] AndroidManifest.xml:34:13-72
183            <intent-filter>
183-->[com.google.firebase:firebase-auth:22.3.0] AndroidManifest.xml:35:13-45:29
184                <action android:name="android.intent.action.VIEW" />
184-->src/main/AndroidManifest.xml:41:17-69
184-->src/main/AndroidManifest.xml:41:25-66
185
186                <category android:name="android.intent.category.DEFAULT" />
186-->src/main/AndroidManifest.xml:42:17-76
186-->src/main/AndroidManifest.xml:42:27-73
187                <category android:name="android.intent.category.BROWSABLE" />
187-->src/main/AndroidManifest.xml:43:17-78
187-->src/main/AndroidManifest.xml:43:27-75
188
189                <data
189-->src/main/AndroidManifest.xml:44:17-47
190                    android:host="firebase.auth"
191                    android:path="/"
192                    android:scheme="genericidp" />
192-->src/main/AndroidManifest.xml:44:23-44
193            </intent-filter>
194        </activity>
195        <activity
195-->[com.google.firebase:firebase-auth:22.3.0] AndroidManifest.xml:47:9-64:20
196            android:name="com.google.firebase.auth.internal.RecaptchaActivity"
196-->[com.google.firebase:firebase-auth:22.3.0] AndroidManifest.xml:48:13-79
197            android:excludeFromRecents="true"
197-->[com.google.firebase:firebase-auth:22.3.0] AndroidManifest.xml:49:13-46
198            android:exported="true"
198-->[com.google.firebase:firebase-auth:22.3.0] AndroidManifest.xml:50:13-36
199            android:launchMode="singleTask"
199-->[com.google.firebase:firebase-auth:22.3.0] AndroidManifest.xml:51:13-44
200            android:theme="@android:style/Theme.Translucent.NoTitleBar" >
200-->[com.google.firebase:firebase-auth:22.3.0] AndroidManifest.xml:52:13-72
201            <intent-filter>
201-->[com.google.firebase:firebase-auth:22.3.0] AndroidManifest.xml:53:13-63:29
202                <action android:name="android.intent.action.VIEW" />
202-->src/main/AndroidManifest.xml:41:17-69
202-->src/main/AndroidManifest.xml:41:25-66
203
204                <category android:name="android.intent.category.DEFAULT" />
204-->src/main/AndroidManifest.xml:42:17-76
204-->src/main/AndroidManifest.xml:42:27-73
205                <category android:name="android.intent.category.BROWSABLE" />
205-->src/main/AndroidManifest.xml:43:17-78
205-->src/main/AndroidManifest.xml:43:27-75
206
207                <data
207-->src/main/AndroidManifest.xml:44:17-47
208                    android:host="firebase.auth"
209                    android:path="/"
210                    android:scheme="recaptcha" />
210-->src/main/AndroidManifest.xml:44:23-44
211            </intent-filter>
212        </activity>
213
214        <receiver
214-->[com.google.firebase:firebase-messaging:23.4.0] AndroidManifest.xml:29:9-40:20
215            android:name="com.google.firebase.iid.FirebaseInstanceIdReceiver"
215-->[com.google.firebase:firebase-messaging:23.4.0] AndroidManifest.xml:30:13-78
216            android:exported="true"
216-->[com.google.firebase:firebase-messaging:23.4.0] AndroidManifest.xml:31:13-36
217            android:permission="com.google.android.c2dm.permission.SEND" >
217-->[com.google.firebase:firebase-messaging:23.4.0] AndroidManifest.xml:32:13-73
218            <intent-filter>
218-->[com.google.firebase:firebase-messaging:23.4.0] AndroidManifest.xml:33:13-35:29
219                <action android:name="com.google.android.c2dm.intent.RECEIVE" />
219-->[com.google.firebase:firebase-messaging:23.4.0] AndroidManifest.xml:34:17-81
219-->[com.google.firebase:firebase-messaging:23.4.0] AndroidManifest.xml:34:25-78
220            </intent-filter>
221
222            <meta-data
222-->[com.google.firebase:firebase-messaging:23.4.0] AndroidManifest.xml:37:13-39:40
223                android:name="com.google.android.gms.cloudmessaging.FINISHED_AFTER_HANDLED"
223-->[com.google.firebase:firebase-messaging:23.4.0] AndroidManifest.xml:38:17-92
224                android:value="true" />
224-->[com.google.firebase:firebase-messaging:23.4.0] AndroidManifest.xml:39:17-37
225        </receiver>
226        <!--
227             FirebaseMessagingService performs security checks at runtime,
228             but set to not exported to explicitly avoid allowing another app to call it.
229        -->
230        <service
230-->[com.google.firebase:firebase-messaging:23.4.0] AndroidManifest.xml:46:9-53:19
231            android:name="com.google.firebase.messaging.FirebaseMessagingService"
231-->[com.google.firebase:firebase-messaging:23.4.0] AndroidManifest.xml:47:13-82
232            android:directBootAware="true"
232-->[com.google.firebase:firebase-messaging:23.4.0] AndroidManifest.xml:48:13-43
233            android:exported="false" >
233-->[com.google.firebase:firebase-messaging:23.4.0] AndroidManifest.xml:49:13-37
234            <intent-filter android:priority="-500" >
234-->[com.google.firebase:firebase-messaging:23.4.0] AndroidManifest.xml:50:13-52:29
234-->[com.google.firebase:firebase-messaging:23.4.0] AndroidManifest.xml:50:28-51
235                <action android:name="com.google.firebase.MESSAGING_EVENT" />
235-->[com.google.firebase:firebase-messaging:23.4.0] AndroidManifest.xml:51:17-78
235-->[com.google.firebase:firebase-messaging:23.4.0] AndroidManifest.xml:51:25-75
236            </intent-filter>
237        </service>
238
239        <activity
239-->[com.google.android.gms:play-services-base:18.0.1] AndroidManifest.xml:20:9-22:45
240            android:name="com.google.android.gms.common.api.GoogleApiActivity"
240-->[com.google.android.gms:play-services-base:18.0.1] AndroidManifest.xml:20:19-85
241            android:exported="false"
241-->[com.google.android.gms:play-services-base:18.0.1] AndroidManifest.xml:22:19-43
242            android:theme="@android:style/Theme.Translucent.NoTitleBar" />
242-->[com.google.android.gms:play-services-base:18.0.1] AndroidManifest.xml:21:19-78
243
244        <provider
244-->[com.google.firebase:firebase-common:20.4.2] AndroidManifest.xml:23:9-28:39
245            android:name="com.google.firebase.provider.FirebaseInitProvider"
245-->[com.google.firebase:firebase-common:20.4.2] AndroidManifest.xml:24:13-77
246            android:authorities="com.bookmark.locker.firebaseinitprovider"
246-->[com.google.firebase:firebase-common:20.4.2] AndroidManifest.xml:25:13-72
247            android:directBootAware="true"
247-->[com.google.firebase:firebase-common:20.4.2] AndroidManifest.xml:26:13-43
248            android:exported="false"
248-->[com.google.firebase:firebase-common:20.4.2] AndroidManifest.xml:27:13-37
249            android:initOrder="100" />
249-->[com.google.firebase:firebase-common:20.4.2] AndroidManifest.xml:28:13-36
250
251        <service
251-->[androidx.room:room-runtime:2.6.1] AndroidManifest.xml:24:9-28:63
252            android:name="androidx.room.MultiInstanceInvalidationService"
252-->[androidx.room:room-runtime:2.6.1] AndroidManifest.xml:25:13-74
253            android:directBootAware="true"
253-->[androidx.room:room-runtime:2.6.1] AndroidManifest.xml:26:13-43
254            android:exported="false" />
254-->[androidx.room:room-runtime:2.6.1] AndroidManifest.xml:27:13-37
255
256        <provider
256-->[androidx.work:work-runtime:2.9.0] AndroidManifest.xml:29:9-37:20
257            android:name="androidx.startup.InitializationProvider"
257-->[androidx.work:work-runtime:2.9.0] AndroidManifest.xml:30:13-67
258            android:authorities="com.bookmark.locker.androidx-startup"
258-->[androidx.work:work-runtime:2.9.0] AndroidManifest.xml:31:13-68
259            android:exported="false" >
259-->[androidx.work:work-runtime:2.9.0] AndroidManifest.xml:32:13-37
260            <meta-data
260-->[androidx.work:work-runtime:2.9.0] AndroidManifest.xml:34:13-36:52
261                android:name="androidx.work.WorkManagerInitializer"
261-->[androidx.work:work-runtime:2.9.0] AndroidManifest.xml:35:17-68
262                android:value="androidx.startup" />
262-->[androidx.work:work-runtime:2.9.0] AndroidManifest.xml:36:17-49
263            <meta-data
263-->[androidx.emoji2:emoji2:1.4.0] AndroidManifest.xml:29:13-31:52
264                android:name="androidx.emoji2.text.EmojiCompatInitializer"
264-->[androidx.emoji2:emoji2:1.4.0] AndroidManifest.xml:30:17-75
265                android:value="androidx.startup" />
265-->[androidx.emoji2:emoji2:1.4.0] AndroidManifest.xml:31:17-49
266            <meta-data
266-->[androidx.lifecycle:lifecycle-process:2.7.0] AndroidManifest.xml:29:13-31:52
267                android:name="androidx.lifecycle.ProcessLifecycleInitializer"
267-->[androidx.lifecycle:lifecycle-process:2.7.0] AndroidManifest.xml:30:17-78
268                android:value="androidx.startup" />
268-->[androidx.lifecycle:lifecycle-process:2.7.0] AndroidManifest.xml:31:17-49
269            <meta-data
269-->[androidx.profileinstaller:profileinstaller:1.3.1] AndroidManifest.xml:29:13-31:52
270                android:name="androidx.profileinstaller.ProfileInstallerInitializer"
270-->[androidx.profileinstaller:profileinstaller:1.3.1] AndroidManifest.xml:30:17-85
271                android:value="androidx.startup" />
271-->[androidx.profileinstaller:profileinstaller:1.3.1] AndroidManifest.xml:31:17-49
272        </provider>
273
274        <service
274-->[androidx.work:work-runtime:2.9.0] AndroidManifest.xml:39:9-45:35
275            android:name="androidx.work.impl.background.systemalarm.SystemAlarmService"
275-->[androidx.work:work-runtime:2.9.0] AndroidManifest.xml:40:13-88
276            android:directBootAware="false"